mode: set
github.com/rijuCB/weatherAppGo/weatherApp.go:25.51,31.2 1 1
github.com/rijuCB/weatherAppGo/weatherApp.go:53.60,56.16 3 0
github.com/rijuCB/weatherAppGo/weatherApp.go:59.2,64.8 4 0
github.com/rijuCB/weatherAppGo/weatherApp.go:56.16,58.3 1 0
github.com/rijuCB/weatherAppGo/weatherApp.go:67.35,69.2 1 0
github.com/rijuCB/weatherAppGo/weatherApp.go:71.35,73.2 1 0
github.com/rijuCB/weatherAppGo/weatherApp.go:75.35,77.2 1 0
github.com/rijuCB/weatherAppGo/weatherApp.go:81.41,83.2 1 0
github.com/rijuCB/weatherAppGo/weatherApp.go:85.41,87.2 1 0
github.com/rijuCB/weatherAppGo/weatherApp.go:89.41,91.2 1 0
github.com/rijuCB/weatherAppGo/weatherApp.go:93.13,114.2 14 0
